<?xml version="1.0" encoding="utf-8"?><testsuites><testsuite name="pytest" errors="0" failures="0" skipped="0" tests="114" time="4.130" timestamp="2023-12-22T18:49:35.957982" hostname="PH37K5J223"><testcase classname="tests.test_commands" name="test_handle_command[command0-expected0]" time="0.001" /><testcase classname="tests.test_commands" name="test_handle_command[command1-expected1]" time="0.001" /><testcase classname="tests.test_commands" name="test_handle_command[command2-expected2]" time="0.001" /><testcase classname="tests.test_commands" name="test_handle_command[command3-expected3]" time="0.001" /><testcase classname="tests.test_commands" name="test_handle_command[command4-expected4]" time="0.000" /><testcase classname="tests.test_commands" name="test_handle_command[command5-expected5]" time="0.000" /><testcase classname="tests.test_commands" name="test_handle_command[command6-expected6]" time="0.000" /><testcase classname="tests.test_commands" name="test_handle_command[command7-expected7]" time="0.001" /><testcase classname="tests.test_commands" name="test_handle_command[command8-expected8]" time="0.000" /><testcase classname="tests.test_commands" name="test_handle_command[command9-expected9]" time="0.001" /><testcase classname="tests.test_commands" name="test_handle_command[command10-expected10]" time="0.000" /><testcase classname="tests.test_commands" name="test_handle_command[command11-expected11]" time="0.002" /><testcase classname="tests.test_commands" name="test_handle_command[command12-expected12]" time="0.000" /><testcase classname="tests.test_commands" name="test_handle_command[command13-expected13]" time="0.000" /><testcase classname="tests.test_commands" name="test_handle_command[command14-expected14]" time="0.001" /><testcase classname="tests.test_commands" name="test_handle_command[command15-expected15]" time="0.001" /><testcase classname="tests.test_commands" name="test_handle_command[command16-expected16]" time="0.001" /><testcase classname="tests.test_commands" name="test_handle_command[command17-expected17]" time="0.001" /><testcase classname="tests.test_commands" name="test_handle_command[command18-expected18]" time="0.000" /><testcase classname="tests.test_commands" name="test_handle_command[command19-expected19]" time="0.000" /><testcase classname="tests.test_commands" name="test_handle_command[command20-expected20]" time="0.001" /><testcase classname="tests.test_commands" name="test_handle_command[command21-expected21]" time="0.000" /><testcase classname="tests.test_commands" name="test_handle_command[command22-expected22]" time="0.000" /><testcase classname="tests.test_commands" name="test_handle_command[command23-expected23]" time="0.000" /><testcase classname="tests.test_commands" name="test_handle_command[command24-expected24]" time="0.001" /><testcase classname="tests.test_commands" name="test_handle_command[command25-expected25]" time="0.001" /><testcase classname="tests.test_commands" name="test_handle_command[command26-expected26]" time="0.000" /><testcase classname="tests.test_commands" name="test_handle_command[command27-expected27]" time="0.001" /><testcase classname="tests.test_commands" name="test_handle_command[command28-expected28]" time="0.000" /><testcase classname="tests.test_commands" name="test_handle_command[command29-expected29]" time="0.001" /><testcase classname="tests.test_commands" name="test_handle_command[command30-expected30]" time="0.000" /><testcase classname="tests.test_commands" name="test_handle_command[command31-expected31]" time="0.000" /><testcase classname="tests.test_commands" name="test_handle_command[command32-expected32]" time="0.000" /><testcase classname="tests.test_commands" name="test_handle_command[command33-expected33]" time="0.000" /><testcase classname="tests.test_commands" name="test_handle_command[command34-expected34]" time="0.000" /><testcase classname="tests.test_commands" name="test_handle_command[command35-expected35]" time="0.000" /><testcase classname="tests.test_commands" name="test_handle_command[command36-expected36]" time="0.001" /><testcase classname="tests.test_commands" name="test_handle_command[command37-expected37]" time="0.000" /><testcase classname="tests.test_commands" name="test_handle_command[command38-expected38]" time="0.001" /><testcase classname="tests.test_commands" name="test_handle_command[command39-expected39]" time="0.001" /><testcase classname="tests.test_commands" name="test_handle_command[command40-expected40]" time="0.000" /><testcase classname="tests.test_commands" name="test_handle_command[command41-expected41]" time="0.001" /><testcase classname="tests.test_commands" name="test_handle_command[command42-expected42]" time="0.001" /><testcase classname="tests.test_commands" name="test_handle_command[command43-expected43]" time="0.000" /><testcase classname="tests.test_commands" name="test_handle_command[command44-expected44]" time="0.000" /><testcase classname="tests.test_commands" name="test_handle_command[command45-expected45]" time="0.000" /><testcase classname="tests.test_commands" name="test_handle_command[command46-expected46]" time="0.001" /><testcase classname="tests.test_commands" name="test_handle_command[command47-expected47]" time="0.001" /><testcase classname="tests.test_commands" name="test_handle_command[command48-expected48]" time="0.000" /><testcase classname="tests.test_commands" name="test_handle_command[command49-expected49]" time="0.000" /><testcase classname="tests.test_commands" name="test_handle_command[command50-expected50]" time="0.000" /><testcase classname="tests.test_commands" name="test_handle_command[command51-expected51]" time="0.000" /><testcase classname="tests.test_commands" name="test_handle_command[command52-expected52]" time="0.000" /><testcase classname="tests.test_commands" name="test_handle_command[command53-expected53]" time="0.000" /><testcase classname="tests.test_commands" name="test_handle_command[command54-expected54]" time="0.000" /><testcase classname="tests.test_commands" name="test_handle_command[command55-expected55]" time="0.001" /><testcase classname="tests.test_commands" name="test_handle_command[command56-expected56]" time="0.000" /><testcase classname="tests.test_commands" name="test_handle_command[command57-expected57]" time="0.000" /><testcase classname="tests.test_commands" name="test_handle_command[command58-expected58]" time="0.000" /><testcase classname="tests.test_commands" name="test_handle_command[command59-expected59]" time="0.000" /><testcase classname="tests.test_commands" name="test_handle_command[command60-expected60]" time="0.000" /><testcase classname="tests.test_commands" name="test_handle_command[command61-expected61]" time="0.000" /><testcase classname="tests.test_commands" name="test_handle_command[command62-expected62]" time="0.000" /><testcase classname="tests.test_commands" name="test_handle_command[command63-expected63]" time="0.000" /><testcase classname="tests.test_commands" name="test_handle_command[command64-expected64]" time="0.000" /><testcase classname="tests.test_commands" name="test_expiry[EX-1]" time="1.004" /><testcase classname="tests.test_commands" name="test_expiry[PX-1000]" time="1.001" /><testcase classname="tests.test_commands" name="test_expiry[EXAT-]" time="1.002" /><testcase classname="tests.test_commands" name="test_expiry[PXAT-]" time="1.009" /><testcase classname="tests.test_protocol_handler" name="test_extract_data_from_payload[PING\r\n-expected0]" time="0.001" /><testcase classname="tests.test_protocol_handler" name="test_extract_data_from_payload[+PAR-expected1]" time="0.001" /><testcase classname="tests.test_protocol_handler" name="test_extract_data_from_payload[+OK\r\n-expected2]" time="0.001" /><testcase classname="tests.test_protocol_handler" name="test_extract_data_from_payload[+OK\r\nExtra data-expected3]" time="0.001" /><testcase classname="tests.test_protocol_handler" name="test_extract_data_from_payload[-Missing terminator-expected4]" time="0.001" /><testcase classname="tests.test_protocol_handler" name="test_extract_data_from_payload[-Error message\r\n-expected5]" time="0.001" /><testcase classname="tests.test_protocol_handler" name="test_extract_data_from_payload[-ERR unknown command 'asdf'\r\n-expected6]" time="0.000" /><testcase classname="tests.test_protocol_handler" name="test_extract_data_from_payload[-ERR\r\n-expected7]" time="0.000" /><testcase classname="tests.test_protocol_handler" name="test_extract_data_from_payload[-Error message\r\nExtra data-expected8]" time="0.000" /><testcase classname="tests.test_protocol_handler" name="test_extract_data_from_payload[:0-expected9]" time="0.000" /><testcase classname="tests.test_protocol_handler" name="test_extract_data_from_payload[:NaN\r\n-expected10]" time="0.000" /><testcase classname="tests.test_protocol_handler" name="test_extract_data_from_payload[:0\r\n-expected11]" time="0.000" /><testcase classname="tests.test_protocol_handler" name="test_extract_data_from_payload[:-1\r\n-expected12]" time="0.000" /><testcase classname="tests.test_protocol_handler" name="test_extract_data_from_payload[:+123456789\r\n-expected13]" time="0.000" /><testcase classname="tests.test_protocol_handler" name="test_extract_data_from_payload[:1000\r\nextra-expected14]" time="0.000" /><testcase classname="tests.test_protocol_handler" name="test_extract_data_from_payload[$1-expected15]" time="0.000" /><testcase classname="tests.test_protocol_handler" name="test_extract_data_from_payload[$18\r\nMissing terminator-expected16]" time="0.000" /><testcase classname="tests.test_protocol_handler" name="test_extract_data_from_payload[$NaN\r\nOK\r\n-expected17]" time="0.000" /><testcase classname="tests.test_protocol_handler" name="test_extract_data_from_payload[$2\r\nOK\r\n-expected18]" time="0.000" /><testcase classname="tests.test_protocol_handler" name="test_extract_data_from_payload[$3\r\nToo long\r\n-expected19]" time="0.000" /><testcase classname="tests.test_protocol_handler" name="test_extract_data_from_payload[$12\r\nToo short\r\n-expected20]" time="0.000" /><testcase classname="tests.test_protocol_handler" name="test_extract_data_from_payload[$0\r\n\r\n-expected21]" time="0.000" /><testcase classname="tests.test_protocol_handler" name="test_extract_data_from_payload[$16\r\nLong bulk string\r\n-expected22]" time="0.001" /><testcase classname="tests.test_protocol_handler" name="test_extract_data_from_payload[$2\r\nOK\r\nextra-expected23]" time="0.000" /><testcase classname="tests.test_protocol_handler" name="test_extract_data_from_payload[$-1\r\n-expected24]" time="0.000" /><testcase classname="tests.test_protocol_handler" name="test_extract_data_from_payload[*1-expected25]" time="0.000" /><testcase classname="tests.test_protocol_handler" name="test_extract_data_from_payload[*1\r\n+Missing terminator-expected26]" time="0.000" /><testcase classname="tests.test_protocol_handler" name="test_extract_data_from_payload[*NaN\r\nOK\r\n-expected27]" time="0.000" /><testcase classname="tests.test_protocol_handler" name="test_extract_data_from_payload[*2\r\n$5\r\nhello\r\n$5\r\nworld\r\n-expected28]" time="0.000" /><testcase classname="tests.test_protocol_handler" name="test_extract_data_from_payload[*2\r\n:1\r\n$5\r\nhello\r\n-expected29]" time="0.000" /><testcase classname="tests.test_protocol_handler" name="test_extract_data_from_payload[*2\r\n*1\r\n:1\r\n*1\r\n-Hello\r\n-expected30]" time="0.000" /><testcase classname="tests.test_protocol_handler" name="test_extract_data_from_payload[*1\r\n+Too\r\n+long\r\n-expected31]" time="0.000" /><testcase classname="tests.test_protocol_handler" name="test_extract_data_from_payload[*12\r\n+Too short\r\n-expected32]" time="0.000" /><testcase classname="tests.test_protocol_handler" name="test_extract_data_from_payload[*0\r\n-expected33]" time="0.000" /><testcase classname="tests.test_protocol_handler" name="test_extract_data_from_payload[*-1\r\n-expected34]" time="0.000" /><testcase classname="tests.test_protocol_handler" name="test_encode_data[data0-+OK\r\n]" time="0.000" /><testcase classname="tests.test_protocol_handler" name="test_encode_data[data1--Error\r\n]" time="0.000" /><testcase classname="tests.test_protocol_handler" name="test_encode_data[data2--ERR Error\r\n]" time="0.000" /><testcase classname="tests.test_protocol_handler" name="test_encode_data[data3-:100\r\n]" time="0.000" /><testcase classname="tests.test_protocol_handler" name="test_encode_data[data4-$21\r\nThis is a Bulk String\r\n]" time="0.000" /><testcase classname="tests.test_protocol_handler" name="test_encode_data[data5-$0\r\n\r\n]" time="0.000" /><testcase classname="tests.test_protocol_handler" name="test_encode_data[data6-$-1\r\n]" time="0.000" /><testcase classname="tests.test_protocol_handler" name="test_encode_data[data7-*0\r\n]" time="0.000" /><testcase classname="tests.test_protocol_handler" name="test_encode_data[data8-*-1\r\n]" time="0.000" /><testcase classname="tests.test_protocol_handler" name="test_encode_data[data9-*3\r\n+String\r\n:2\r\n+String2\r\n]" time="0.000" /></testsuite></testsuites>
